C:\Program Files (x86)\MSBuild\Microsoft.Cpp\v4.0\V140\Microsoft.CppBuild.targets(368,5): warning MSB8004: Output Directory does not end with a trailing slash.  This build instance will add the slash as it is required to allow proper evaluation of the Output Directory.
  Moc'ing ListWidgetItemRightAction.h...
  Moc'ing ListWidgetDefinition.h...
  Moc'ing AbbreviationFunctionSearch.h...
  Moc'ing AbbreviationFunctionAdd.h...
  Moc'ing ConfigSQLConnectInfo.h...
  Moc'ing MainAppWidget.h...
  Rcc'ing AbbreviationApplication.qrc...
RCC : warning : No resources in 'D:\Git_Code\AbbreviationApplication\AbbreviationApplication\AbbreviationApplication.qrc'.
  
  Uic'ing MainAppWidget.ui...
  Uic'ing AbbreviationFunctionSearch.ui...
  Uic'ing AbbreviationFunctionAdd.ui...
  Uic'ing DialogTest.ui...
  Uic'ing ConfigSQLConnectInfo.ui...
  AbbreviationFunctionAdd.cpp
  AbbreviationFunctionSearch.cpp
  AbbreviationTable.cpp
  commonControl.cpp
  ConfigSQLConnectInfo.cpp
  DialogTest.cpp
  moc_AbbreviationFunctionAdd.cpp
  moc_AbbreviationFunctionSearch.cpp
  moc_ConfigSQLConnectInfo.cpp
  moc_ListWidgetDefinition.cpp
  moc_ListWidgetItemRightAction.cpp
  moc_MainAppWidget.cpp
  ListWidgetDefinition.cpp
  ListWidgetItemRightAction.cpp
  main.cpp
  MainAppWidget.cpp
  MysqlDB.cpp
  SqlCommExec.cpp
  SqlDataReader.cpp
  SqlDataWriter.cpp
  正在生成代码...
  正在编译...
  SqliteDB.cpp
  TableBase.cpp
  正在生成代码...
  qrc_AbbreviationApplication.cpp
  AbbreviationApplication.vcxproj -> D:\Git_Code\AbbreviationApplication\\bin\AbbreviationApplication.exe
  AbbreviationApplication.vcxproj -> D:\Git_Code\AbbreviationApplication\\bin\AbbreviationApplication.pdb (Full PDB)
